<?xml version="1.0" encoding="UTF-8"?>
<!-- Generated by org.testng.reporters.JUnitReportReporter -->
<testsuite skipped="0" hostname="Brat-PC" name="com.edureka.scripts.LogInScript" tests="1" failures="0" timestamp="2019-10-23T16:50:55 PDT" time="4.771" errors="0">
  <testcase name="tc_01_login" time="4.771" classname="com.edureka.scripts.LogInScript"/>
</testsuite> <!-- com.edureka.scripts.LogInScript -->
