<?xml version="1.0" encoding="UTF-8"?>
<!-- Generated by org.testng.reporters.JUnitReportReporter -->
<testsuite skipped="0" hostname="Brat-PC" name="com.edureka.scripts.MyClassroomScripts" tests="1" failures="0" timestamp="2019-10-23T16:50:55 PDT" time="18.136" errors="0">
  <testcase name="tc_01_selectBlogOption" time="18.136" classname="com.edureka.scripts.MyClassroomScripts"/>
</testsuite> <!-- com.edureka.scripts.MyClassroomScripts -->
