<?xml version="1.0" encoding="UTF-8"?>
<!-- Generated by org.testng.reporters.JUnitReportReporter -->
<testsuite skipped="0" hostname="Brat-PC" name="com.edureka.scripts.BlogScripts" tests="1" failures="0" timestamp="2019-10-23T16:50:55 PDT" time="46.151" errors="0">
  <testcase name="tc_01_seleniumBlog" time="46.151" classname="com.edureka.scripts.BlogScripts"/>
</testsuite> <!-- com.edureka.scripts.BlogScripts -->
